<?xml version="1.0" encoding="UTF-8"?>
<!-- Generated by org.testng.reporters.JUnitReportReporter -->
<testsuite hostname="LAPTOP-1ABPG6U5" failures="0" tests="2" name="Absorb.absorbTest.testCases" time="3.900" errors="0" timestamp="2022-05-04T14:07:46 ADT" skipped="0">
  <testcase classname="Absorb.absorbTest.testCases" name="navigate_to_careers" time="1.936"/>
  <system-out/>
  <testcase classname="Absorb.absorbTest.testCases" name="find_secondlast_job_opening" time="1.964"/>
  <system-out/>
</testsuite> <!-- Absorb.absorbTest.testCases -->
